2026-04-22 23:25:00,493 [INFO] Starting MLOps signal pipeline
2026-04-22 23:25:00,493 [INFO] Loading config from: config.yaml
2026-04-22 23:25:00,494 [INFO] Config loaded — seed=42, window=5, version=v1
2026-04-22 23:25:00,494 [INFO] Random seed set to 42
2026-04-22 23:25:00,494 [INFO] Loading data from: data.csv
2026-04-22 23:25:00,516 [INFO] Data loaded — 10000 rows, columns: ['timestamp', 'open', 'high', 'low', 'close', 'volume_btc', 'volume_usd']
2026-04-22 23:25:00,517 [INFO] Computing rolling mean with window=5
2026-04-22 23:25:00,530 [INFO] Signal computation complete
2026-04-22 23:25:00,533 [INFO] Metrics computed: {'version': 'v1', 'status': 'success', 'total_rows': 10000, 'valid_rows': 9996, 'signal_rate': 0.4991}
2026-04-22 23:25:00,534 [INFO] Metrics written to: metrics.json
2026-04-22 23:26:59,118 [INFO] Starting MLOps signal pipeline
2026-04-22 23:26:59,118 [INFO] Loading config from: config.yaml
2026-04-22 23:26:59,119 [INFO] Config loaded — seed=42, window=5, version=v1
2026-04-22 23:26:59,119 [INFO] Random seed set to 42
2026-04-22 23:26:59,119 [INFO] Loading data from: data.csv
2026-04-22 23:26:59,132 [INFO] Data loaded — 10000 rows, columns: ['timestamp', 'open', 'high', 'low', 'close', 'volume_btc', 'volume_usd']
2026-04-22 23:26:59,132 [INFO] Computing rolling mean with window=5
2026-04-22 23:26:59,135 [INFO] Signal computation complete
2026-04-22 23:26:59,135 [INFO] Metrics computed: {'version': 'v1', 'status': 'success', 'total_rows': 10000, 'valid_rows': 9996, 'signal_rate': 0.4991}
2026-04-22 23:26:59,136 [INFO] Metrics written to: metrics.json
2026-04-22 23:27:49,796 [INFO] Starting MLOps signal pipeline
2026-04-22 23:27:49,796 [INFO] Loading config from: config.yaml
2026-04-22 23:27:49,797 [INFO] Config loaded — seed=42, window=5, version=v1
2026-04-22 23:27:49,797 [INFO] Random seed set to 42
2026-04-22 23:27:49,797 [INFO] Loading data from: fake.csv
2026-04-22 23:27:49,797 [ERROR] Pipeline failed: Data file not found: fake.csv
2026-04-22 23:27:49,797 [INFO] Metrics written to: metrics.json
